Traceback (most recent call last):
  File "/home/trading_ceo/brahmand/kickoff.py", line 318, in <module>
    main()
  File "/home/trading_ceo/brahmand/kickoff.py", line 287, in main
    if state["active_trade"] and not state["post_mortem_done"]:
       ^^^^^
UnboundLocalError: cannot access local variable 'state' where it is not associated with a value
Traceback (most recent call last):
  File "/home/trading_ceo/brahmand/kickoff.py", line 318, in <module>
    main()
  File "/home/trading_ceo/brahmand/kickoff.py", line 287, in main
    if state["active_trade"] and not state["post_mortem_done"]:
       ^^^^^
UnboundLocalError: cannot access local variable 'state' where it is not associated with a value
Traceback (most recent call last):
  File "/home/trading_ceo/brahmand/kickoff.py", line 358, in <module>
    main()
  File "/home/trading_ceo/brahmand/kickoff.py", line 327, in main
    if state["active_trade"] and not state["post_mortem_done"]:
       ^^^^^
UnboundLocalError: cannot access local variable 'state' where it is not associated with a value
Traceback (most recent call last):
  File "/home/trading_ceo/brahmand/kickoff.py", line 358, in <module>
    main()
  File "/home/trading_ceo/brahmand/kickoff.py", line 327, in main
    if state["active_trade"] and not state["post_mortem_done"]:
       ^^^^^
UnboundLocalError: cannot access local variable 'state' where it is not associated with a value
Traceback (most recent call last):
  File "/home/trading_ceo/brahmand/kickoff.py", line 358, in <module>
    main()
  File "/home/trading_ceo/brahmand/kickoff.py", line 327, in main
    if state["active_trade"] and not state["post_mortem_done"]:
       ^^^^^
UnboundLocalError: cannot access local variable 'state' where it is not associated with a value
[09:25:02] Scheduled run | Active: True | Today: 1/4
[09:30:02] Scheduled run | Active: True | Today: 1/4
[09:30:17] TSL: PE SL ratcheted 101.32 → 62.31 (lock_ratio=0.5)
