[14:00:07] ❌ Error: name 'has_active_trades' is not defined
Traceback (most recent call last):
  File "/home/trading_ceo/brahmand/risk_monitor.py", line 156, in main
NameError: name 'has_active_trades' is not defined
[14:03:04] 🔍 Risk Monitor: Checking active trades
[14:03:04]   CALL_SPREAD | Entry: 14:01 | Open: 2m
[14:03:10]   ✅ Position OK | 14:01
[14:04:05] 🔍 Risk Monitor: Checking active trades
[14:04:05]   CALL_SPREAD | Entry: 14:01 | Open: 3m
[14:04:10]   ✅ Position OK | 14:01
[14:05:07] 🔍 Risk Monitor: Checking active trades
[14:05:07]   CALL_SPREAD | Entry: 14:01 | Open: 4m
[14:05:08]   ✅ Position OK | 14:01
[14:06:04] 🔍 Risk Monitor: Checking active trades
[14:06:04]   CALL_SPREAD | Entry: 14:01 | Open: 5m
[14:06:09]   ✅ Position OK | 14:01
[14:07:03] 🔍 Risk Monitor: Checking active trades
[14:07:03]   CALL_SPREAD | Entry: 14:01 | Open: 6m
[14:07:09]   ✅ Position OK | 14:01
[14:08:03] 🔍 Risk Monitor: Checking active trades
[14:08:03]   CALL_SPREAD | Entry: 14:01 | Open: 7m
[14:08:08]   ✅ Position OK | 14:01
[14:09:04] 🔍 Risk Monitor: Checking active trades
[14:09:04]   CALL_SPREAD | Entry: 14:01 | Open: 8m
[14:09:11]   ✅ Position OK | 14:01
[14:10:07] 🔍 Risk Monitor: Checking active trades
[14:10:07]   CALL_SPREAD | Entry: 14:01 | Open: 9m
[14:10:07]   ✅ Position OK | 14:01
[14:11:03] 🔍 Risk Monitor: Checking active trades
[14:11:03]   CALL_SPREAD | Entry: 14:01 | Open: 10m
[14:11:09]   ✅ Position OK | 14:01
[14:12:04] 🔍 Risk Monitor: Checking active trades
[14:12:04]   CALL_SPREAD | Entry: 14:01 | Open: 11m
[14:12:10]   ✅ Position OK | 14:01
[14:13:03] 🔍 Risk Monitor: Checking active trades
[14:13:03]   CALL_SPREAD | Entry: 14:01 | Open: 12m
[14:13:09]   ✅ Position OK | 14:01
[14:14:03] 🔍 Risk Monitor: Checking active trades
[14:14:03]   CALL_SPREAD | Entry: 14:01 | Open: 13m
[14:14:10]   ✅ Position OK | 14:01
[14:15:06] 🔍 Risk Monitor: Checking active trades
[14:15:06]   CALL_SPREAD | Entry: 14:01 | Open: 14m
[14:15:07]   ✅ Position OK | 14:01
[14:16:05] 🔍 Risk Monitor: Checking active trades
[14:16:05]   CALL_SPREAD | Entry: 14:01 | Open: 15m
[14:16:11]   ✅ Position OK | 14:01
[14:17:03] 🔍 Risk Monitor: Checking active trades
[14:17:03]   CALL_SPREAD | Entry: 14:01 | Open: 16m
[14:17:09]   ✅ Position OK | 14:01
[14:18:04] 🔍 Risk Monitor: Checking active trades
[14:18:04]   CALL_SPREAD | Entry: 14:01 | Open: 17m
[14:18:10]   ✅ Position OK | 14:01
[14:19:05] 🔍 Risk Monitor: Checking active trades
[14:19:05]   CALL_SPREAD | Entry: 14:01 | Open: 18m
[14:19:10]   ✅ Position OK | 14:01
[14:20:06] 🔍 Risk Monitor: Checking active trades
[14:20:06]   CALL_SPREAD | Entry: 14:01 | Open: 19m
[14:20:06]   ✅ Position OK | 14:01
[14:21:03] 🔍 Risk Monitor: Checking active trades
[14:21:03]   CALL_SPREAD | Entry: 14:01 | Open: 20m
[14:21:09]   ✅ Position OK | 14:01
[14:22:03] 🔍 Risk Monitor: Checking active trades
[14:22:03]   CALL_SPREAD | Entry: 14:01 | Open: 21m
[14:22:10]   ✅ Position OK | 14:01
[14:23:03] 🔍 Risk Monitor: Checking active trades
[14:23:03]   CALL_SPREAD | Entry: 14:01 | Open: 22m
[14:23:09]   ✅ Position OK | 14:01
[14:24:04] 🔍 Risk Monitor: Checking active trades
[14:24:04]   CALL_SPREAD | Entry: 14:01 | Open: 23m
[14:24:09]   ✅ Position OK | 14:01
[14:25:05] 🔍 Risk Monitor: Checking active trades
[14:25:05]   CALL_SPREAD | Entry: 14:01 | Open: 24m
[14:25:05]   ✅ Position OK | 14:01
[14:26:03] 🔍 Risk Monitor: Checking active trades
[14:26:03]   CALL_SPREAD | Entry: 14:01 | Open: 25m
[14:26:08]   ✅ Position OK | 14:01
[14:27:03] 🔍 Risk Monitor: Checking active trades
[14:27:03]   CALL_SPREAD | Entry: 14:01 | Open: 26m
[14:27:09]   ✅ Position OK | 14:01
[14:28:03] 🔍 Risk Monitor: Checking active trades
[14:28:03]   CALL_SPREAD | Entry: 14:01 | Open: 27m
[14:28:08]   ✅ Position OK | 14:01
[14:29:03] 🔍 Risk Monitor: Checking active trades
[14:29:03]   CALL_SPREAD | Entry: 14:01 | Open: 28m
[14:29:10]   ✅ Position OK | 14:01
[14:30:08] 🔍 Risk Monitor: Checking active trades
[14:30:08]   CALL_SPREAD | Entry: 14:01 | Open: 29m
[14:30:08]   ✅ Position OK | 14:01
[14:31:03] 🔍 Risk Monitor: Checking active trades
[14:31:03]   CALL_SPREAD | Entry: 14:01 | Open: 30m
[14:31:08]   ✅ Position OK | 14:01
[14:32:03] 🔍 Risk Monitor: Checking active trades
[14:32:03]   CALL_SPREAD | Entry: 14:01 | Open: 31m
[14:32:08]   ✅ Position OK | 14:01
[14:33:03] 🔍 Risk Monitor: Checking active trades
[14:33:03]   CALL_SPREAD | Entry: 14:01 | Open: 32m
[14:33:08]   ✅ Position OK | 14:01
[14:34:04] 🔍 Risk Monitor: Checking active trades
[14:34:04]   CALL_SPREAD | Entry: 14:01 | Open: 33m
[14:34:09]   ✅ Position OK | 14:01
[14:35:04] 🔍 Risk Monitor: Checking active trades
[14:35:04]   CALL_SPREAD | Entry: 14:01 | Open: 34m
[14:35:05]   ✅ Position OK | 14:01
[14:36:04] 🔍 Risk Monitor: Checking active trades
[14:36:04]   CALL_SPREAD | Entry: 14:01 | Open: 35m
[14:36:10]   ✅ Position OK | 14:01
[14:37:03] 🔍 Risk Monitor: Checking active trades
[14:37:03]   CALL_SPREAD | Entry: 14:01 | Open: 36m
[14:37:10]   ✅ Position OK | 14:01
[14:38:06] 🔍 Risk Monitor: Checking active trades
[14:38:06]   CALL_SPREAD | Entry: 14:01 | Open: 37m
[14:38:11]   ✅ Position OK | 14:01
[14:39:05] 🔍 Risk Monitor: Checking active trades
[14:39:05]   CALL_SPREAD | Entry: 14:01 | Open: 38m
[14:39:12]   ✅ Position OK | 14:01
[14:40:05] 🔍 Risk Monitor: Checking active trades
[14:40:05]   CALL_SPREAD | Entry: 14:01 | Open: 39m
[14:40:05]   ✅ Position OK | 14:01
[14:41:03] 🔍 Risk Monitor: Checking active trades
[14:41:03]   CALL_SPREAD | Entry: 14:01 | Open: 40m
[14:41:09]   ✅ Position OK | 14:01
[14:42:03] 🔍 Risk Monitor: Checking active trades
[14:42:03]   CALL_SPREAD | Entry: 14:01 | Open: 41m
[14:42:09]   ✅ Position OK | 14:01
[14:43:03] 🔍 Risk Monitor: Checking active trades
[14:43:03]   CALL_SPREAD | Entry: 14:01 | Open: 42m
[14:43:08]   ✅ Position OK | 14:01
[14:44:03] 🔍 Risk Monitor: Checking active trades
[14:44:03]   CALL_SPREAD | Entry: 14:01 | Open: 43m
[14:44:09]   ✅ Position OK | 14:01
[14:45:05] 🔍 Risk Monitor: Checking active trades
[14:45:05]   CALL_SPREAD | Entry: 14:01 | Open: 44m
[14:45:05]   ✅ Position OK | 14:01
[14:46:03] 🔍 Risk Monitor: Checking active trades
[14:46:03]   CALL_SPREAD | Entry: 14:01 | Open: 45m
[14:46:10]   ✅ Position OK | 14:01
[14:47:03] 🔍 Risk Monitor: Checking active trades
[14:47:03]   CALL_SPREAD | Entry: 14:01 | Open: 46m
[14:47:10]   ✅ Position OK | 14:01
[14:48:03] 🔍 Risk Monitor: Checking active trades
[14:48:03]   CALL_SPREAD | Entry: 14:01 | Open: 47m
[14:48:08]   ✅ Position OK | 14:01
[14:49:03] 🔍 Risk Monitor: Checking active trades
[14:49:03]   CALL_SPREAD | Entry: 14:01 | Open: 48m
[14:49:08]   ✅ Position OK | 14:01
[14:50:05] 🔍 Risk Monitor: Checking active trades
[14:50:05]   CALL_SPREAD | Entry: 14:01 | Open: 49m
[14:50:06]   ✅ Position OK | 14:01
[14:51:03] 🔍 Risk Monitor: Checking active trades
[14:51:03]   CALL_SPREAD | Entry: 14:01 | Open: 50m
[14:51:09]   ✅ Position OK | 14:01
[14:52:03] 🔍 Risk Monitor: Checking active trades
[14:52:03]   CALL_SPREAD | Entry: 14:01 | Open: 51m
[14:52:08]   ✅ Position OK | 14:01
[14:53:03] 🔍 Risk Monitor: Checking active trades
[14:53:03]   CALL_SPREAD | Entry: 14:01 | Open: 52m
[14:53:09]   ✅ Position OK | 14:01
[14:54:04] 🔍 Risk Monitor: Checking active trades
[14:54:04]   CALL_SPREAD | Entry: 14:01 | Open: 53m
[14:54:09]   ✅ Position OK | 14:01
[14:55:03] 🔍 Risk Monitor: Checking active trades
[14:55:03]   CALL_SPREAD | Entry: 14:01 | Open: 54m
[14:55:04]   ✅ Position OK | 14:01
[14:56:05] 🔍 Risk Monitor: Checking active trades
[14:56:05]   CALL_SPREAD | Entry: 14:01 | Open: 55m
[14:56:11]   ✅ Position OK | 14:01
[14:57:03] 🔍 Risk Monitor: Checking active trades
[14:57:03]   CALL_SPREAD | Entry: 14:01 | Open: 56m
[14:57:08]   ✅ Position OK | 14:01
[14:58:03] 🔍 Risk Monitor: Checking active trades
[14:58:03]   CALL_SPREAD | Entry: 14:01 | Open: 57m
[14:58:09]   ✅ Position OK | 14:01
[14:59:03] 🔍 Risk Monitor: Checking active trades
[14:59:03]   CALL_SPREAD | Entry: 14:01 | Open: 58m
[14:59:09]   ✅ Position OK | 14:01
[15:00:07] 🔍 Risk Monitor: Checking active trades
[15:00:07]   CALL_SPREAD | Entry: 14:01 | Open: 59m
[15:00:08]   ✅ Position OK | 14:01
[15:01:04] 🔍 Risk Monitor: Checking active trades
[15:01:04]   CALL_SPREAD | Entry: 14:01 | Open: 60m
[15:01:09]   ✅ Position OK | 14:01
[15:02:06] 🔍 Risk Monitor: Checking active trades
[15:02:06]   CALL_SPREAD | Entry: 14:01 | Open: 61m
[15:02:13]   ✅ Position OK | 14:01
[15:03:04] 🔍 Risk Monitor: Checking active trades
[15:03:04]   CALL_SPREAD | Entry: 14:01 | Open: 62m
[15:03:09]   ✅ Position OK | 14:01
[15:04:04] 🔍 Risk Monitor: Checking active trades
[15:04:04]   CALL_SPREAD | Entry: 14:01 | Open: 63m
[15:04:11]   ✅ Position OK | 14:01
[15:05:05] 🔍 Risk Monitor: Checking active trades
[15:05:05]   CALL_SPREAD | Entry: 14:01 | Open: 64m
[15:05:05]   ✅ Position OK | 14:01
[15:06:04] 🔍 Risk Monitor: Checking active trades
[15:06:04]   CALL_SPREAD | Entry: 14:01 | Open: 65m
[15:06:10]   ✅ Position OK | 14:01
[15:07:03] 🔍 Risk Monitor: Checking active trades
[15:07:03]   CALL_SPREAD | Entry: 14:01 | Open: 66m
[15:07:09]   ✅ Position OK | 14:01
[15:08:03] 🔍 Risk Monitor: Checking active trades
[15:08:03]   CALL_SPREAD | Entry: 14:01 | Open: 67m
[15:08:09]   ✅ Position OK | 14:01
